gnome-session-binary[1185]: WARNING: Failed to upload environment to systemd: GDBus.Error:org.freedesktop.DBus.Error.NameHasNoOwner: Name "org.freedesktop.systemd1" does not exist
gnome-session-binary[1185]: WARNING: Could not check if unit gnome-session-wayland@gnome.target is active: GDBus.Error:org.freedesktop.DBus.Error.ServiceUnknown: The name org.freedesktop.systemd1 was not provided by any .service files
gnome-session-binary[1185]: WARNING: Failed to reset failed state of units: GDBus.Error:org.freedesktop.DBus.Error.NameHasNoOwner: Name "org.freedesktop.systemd1" does not exist
gnome-session-binary[1185]: WARNING: Falling back to non-systemd startup procedure due to error: GDBus.Error:org.freedesktop.DBus.Error.NameHasNoOwner: Name "org.freedesktop.systemd1" does not exist
gnome-session-binary[1185]: WARNING: Desktop file /home/vcatafesta/.config/autostart/xfce4-clipman-plugin-autostart.desktop for application xfce4-clipman-plugin-autostart.desktop could not be parsed or references a missing TryExec binary
gnome-session-binary[1185]: WARNING: Desktop file /home/vcatafesta/.config/autostart/user-dirs-update-gtk.desktop for application user-dirs-update-gtk.desktop could not be parsed or references a missing TryExec binary
gnome-session-binary[1185]: WARNING: Desktop file /home/vcatafesta/.config/autostart/remmina-applet.desktop for application remmina-applet.desktop could not be parsed or references a missing TryExec binary
gnome-session-binary[1185]: WARNING: Desktop file /home/vcatafesta/.config/autostart/powerdevil.desktop for application powerdevil.desktop could not be parsed or references a missing TryExec binary
gnome-session-binary[1185]: WARNING: Desktop file /home/vcatafesta/.config/autostart/Plank Dock.desktop for application Plank Dock.desktop could not be parsed or references a missing TryExec binary
gnome-session-binary[1185]: WARNING: Desktop file /home/vcatafesta/.config/autostart/octoxbps-notifier.desktop for application octoxbps-notifier.desktop could not be parsed or references a missing TryExec binary
gnome-session-binary[1185]: WARNING: Desktop file /usr/share/gnome/autostart/libcanberra-login-sound.desktop for application libcanberra-login-sound.desktop could not be parsed or references a missing TryExec binary
discover_other_daemon: 1discover_other_daemon: 1discover_other_daemon: 1libmutter-Message: 16:06:53.818: Running GNOME Shell (using mutter 48.5) as a Wayland display server
libEGL warning: egl: failed to create dri2 screen
libEGL warning: egl: failed to create dri2 screen
libEGL warning: NEEDS EXTENSION: falling back to kms_swrast
libmutter-Message: 16:06:54.147: Thread 'KMS thread' will be using high priority scheduling
libmutter-Message: 16:06:54.150: Added device '/dev/dri/card0' (virtio_gpu) using atomic mode setting.
libmutter-Message: 16:06:54.157: Failed to initialize accelerated iGPU/dGPU framebuffer sharing: Not hardware accelerated
libmutter-Message: 16:06:54.157: Created gbm renderer for '/dev/dri/card0'
libmutter-Message: 16:06:54.157: Boot VGA GPU /dev/dri/card0 selected as primary
libmutter-Message: 16:06:54.409: Using public X11 display :1, (using :2 for managed services)
libmutter-Message: 16:06:54.409: Using Wayland display name 'wayland-0'
Xwayland glamor: GBM Wayland interfaces not available
Failed to initialize glamor, falling back to sw

(gnome-shell:1259): libmutter-WARNING **: 16:06:55.951: Failed to parse saved session file: Falha ao abrir arquivo “/home/vcatafesta/.config/mutter/sessions/107f82895b7ec7925176893601324802400000011850000.ms”: Arquivo ou diretório inexistente

(gsd-sharing:1531): sharing-plugin-WARNING **: 16:06:56.025: Failed to handle service change: GDBus.Error:org.freedesktop.DBus.Error.ServiceUnknown: The name org.freedesktop.systemd1 was not provided by any .service files

(gsd-sharing:1531): sharing-plugin-WARNING **: 16:06:56.026: Failed to handle service change: GDBus.Error:org.freedesktop.DBus.Error.ServiceUnknown: The name org.freedesktop.systemd1 was not provided by any .service files
gnome-session-binary[1185]: WARNING: Could not retrieve current screensaver active state: GDBus.Error:org.freedesktop.DBus.Error.ServiceUnknown: The name org.gnome.Shell.ScreenShield was not provided by any .service files

(gsd-usb-protection:1516): usb-protection-plugin-WARNING **: 16:06:56.142: Failed to get screen saver status: GDBus.Error:org.freedesktop.DBus.Error.ServiceUnknown: The name org.gnome.Shell.ScreenShield was not provided by any .service files

(gsd-usb-protection:1516): usb-protection-plugin-WARNING **: 16:06:56.144: Failed to fetch USBGuard parameters: GDBus.Error:org.freedesktop.DBus.Error.ServiceUnknown: The name org.usbguard1 was not provided by any .service files
GNOME Shell-Message: 16:06:56.494: Error looking up permission: GDBus.Error:org.freedesktop.portal.Error.NotFound: No entry for geolocation
GNOME Shell-Message: 16:06:56.528: loading user theme: /usr/share/themes/Tokyonight-Dark-Theme/gnome-shell/gnome-shell.css
** Message: 16:06:56.761: Failed to start camera monitor
GNOME Shell-Message: 16:06:56.827: Failed to get PolKit permission: Polkit.Error: GDBus.Error:org.freedesktop.PolicyKit1.Error.Failed: Action org.freedesktop.bolt.enroll is not registered
GNOME Shell-Message: 16:06:56.828: Erro ao chamar StartServiceByName para org.freedesktop.UPower.PowerProfiles: Launch helper exited with unknown return code 1
The XKEYBOARD keymap compiler (xkbcomp) reports:
> Warning:          Could not resolve keysym XF86RefreshRateToggle
> Warning:          Could not resolve keysym XF86Accessibility
> Warning:          Could not resolve keysym XF86DoNotDisturb
Errors from xkbcomp are not fatal to the X server

(gsd-media-keys:1517): media-keys-plugin-WARNING **: 16:06:57.357: Failed to grab accelerator for keybinding settings:playback-repeat

(gsd-media-keys:1517): media-keys-plugin-WARNING **: 16:06:57.358: Failed to grab accelerator for keybinding settings:hibernate
The XKEYBOARD keymap compiler (xkbcomp) reports:
> Warning:          Unsupported maximum keycode 708, clipping.
>                   X11 cannot support keycodes above 255.
> Warning:          Virtual modifier Hyper multiply defined
>                   Using 0, ignoring 0
> Warning:          Virtual modifier ScrollLock multiply defined
>                   Using 0, ignoring 0
Errors from xkbcomp are not fatal to the X server
gnome-session-binary[1185]: CODE_FILE=../gnome-session/gsm-manager.c:CODE_LINE=1408:start_phase:Entering running state
libEGL warning: DRI3 error: Could not get DRI3 device
libEGL warning: Ensure your X server supports DRI3 to get accelerated rendering
tput: No value for $TERM and no -T specified
tput: No value for $TERM and no -T specified
tput: No value for $TERM and no -T specified
tput: No value for $TERM and no -T specified
tput: No value for $TERM and no -T specified
tput: No value for $TERM and no -T specified
tput: No value for $TERM and no -T specified
tput: No value for $TERM and no -T specified
tput: No value for $TERM and no -T specified
tput: No value for $TERM and no -T specified
tput: No value for $TERM and no -T specified
tput: No value for $TERM and no -T specified
tput: No value for $TERM and no -T specified
tput: No value for $TERM and no -T specified
tput: No value for $TERM and no -T specified
tput: No value for $TERM and no -T specified
tput: No value for $TERM and no -T specified
tput: No value for $TERM and no -T specified
tput: No value for $TERM and no -T specified
tput: No value for $TERM and no -T specified
tput: No value for $TERM and no -T specified
tput: No value for $TERM and no -T specified
tput: No value for $TERM and no -T specified
tput: No value for $TERM and no -T specified
tput: No value for $TERM and no -T specified
tput: No value for $TERM and no -T specified
tput: No value for $TERM and no -T specified
tput: No value for $TERM and no -T specified
tput: No value for $TERM and no -T specified
Falha: A inicialização do módulo falhou
GNOME Shell-Message: 16:06:57.621: GNOME Shell started at Tue Jan 20 2026 16:06:55 GMT-0300 (Horário Padrão de Brasília)
GNOME Shell-Message: 16:06:57.622: Registering session with GDM
GNOME Shell-Message: 16:06:57.654: Error registering session with GDM: GDBus.Error:org.freedesktop.DBus.Error.ServiceUnknown: The name org.gnome.DisplayManager was not provided by any .service files
tput: No value for $TERM and no -T specified
tput: No value for $TERM and no -T specified
tput: No value for $TERM and no -T specified
tput: No value for $TERM and no -T specified
tput: No value for $TERM and no -T specified
tput: No value for $TERM and no -T specified
tput: No value for $TERM and no -T specified
tput: No value for $TERM and no -T specified
tput: No value for $TERM and no -T specified
tput: No value for $TERM and no -T specified
tput: No value for $TERM and no -T specified
tput: No value for $TERM and no -T specified
tput: No value for $TERM and no -T specified
tput: No value for $TERM and no -T specified
tput: No value for $TERM and no -T specified
tput: No value for $TERM and no -T specified
tput: No value for $TERM and no -T specified
tput: No value for $TERM and no -T specified
tput: No value for $TERM and no -T specified
tput: No value for $TERM and no -T specified
tput: No value for $TERM and no -T specified
tput: No value for $TERM and no -T specified
tput: No value for $TERM and no -T specified
tput: No value for $TERM and no -T specified
tput: No value for $TERM and no -T specified
tput: No value for $TERM and no -T specified
tput: No value for $TERM and no -T specified
tput: No value for $TERM and no -T specified
tput: No value for $TERM and no -T specified

(gnome-shell:1259): St-WARNING **: 20:08:10.097: Could not load a pixbuf from icon theme.
This may indicate that pixbuf loaders or the mime database could not be found.
GNOME Shell-Message: 20:08:16.964: Received error from D-Bus search provider org.gnome.Boxes.desktop: Gio.IOErrorEnum: Não foi possível chamar método; o proxy é para um nome conhecido org.gnome.Boxes.SearchProvider sem um dono e o proxy foi construído com o sinalizador G_DBUS_PROXY_FLAGS_DO_NOT_AUTO_START
GNOME Shell-Message: 20:08:16.964: Received error from D-Bus search provider org.gnome.Terminal.desktop: Gio.IOErrorEnum: Não foi possível chamar método; o proxy é para um nome conhecido org.gnome.Terminal sem um dono e o proxy foi construído com o sinalizador G_DBUS_PROXY_FLAGS_DO_NOT_AUTO_START
GNOME Shell-Message: 20:08:17.145: Received error from D-Bus search provider org.gnome.Boxes.desktop: Gio.IOErrorEnum: Não foi possível chamar método; o proxy é para um nome conhecido org.gnome.Boxes.SearchProvider sem um dono e o proxy foi construído com o sinalizador G_DBUS_PROXY_FLAGS_DO_NOT_AUTO_START
GNOME Shell-Message: 20:08:17.145: Received error from D-Bus search provider org.gnome.Terminal.desktop: Gio.IOErrorEnum: Não foi possível chamar método; o proxy é para um nome conhecido org.gnome.Terminal sem um dono e o proxy foi construído com o sinalizador G_DBUS_PROXY_FLAGS_DO_NOT_AUTO_START
GNOME Shell-Message: 20:08:17.342: Received error from D-Bus search provider org.gnome.Boxes.desktop: Gio.IOErrorEnum: Não foi possível chamar método; o proxy é para um nome conhecido org.gnome.Boxes.SearchProvider sem um dono e o proxy foi construído com o sinalizador G_DBUS_PROXY_FLAGS_DO_NOT_AUTO_START
GNOME Shell-Message: 20:08:17.342: Received error from D-Bus search provider org.gnome.Terminal.desktop: Gio.IOErrorEnum: Não foi possível chamar método; o proxy é para um nome conhecido org.gnome.Terminal sem um dono e o proxy foi construído com o sinalizador G_DBUS_PROXY_FLAGS_DO_NOT_AUTO_START
GNOME Shell-Message: 20:08:17.342: Received error from D-Bus search provider org.gnome.Gnote.desktop: Gio.DBusError: GDBus.Error:org.freedesktop.DBus.Error.UnknownMethod: O objeto não existe no caminho “/org/gnome/Gnote/SearchProvider”
20:08:32.8522                  Gdk[ 3353]: WARNING: Vulkan: Loader Message: setup_loader_term_phys_devs:  Failed to detect any valid GPUs in the current config
20:08:32.8523                  Gdk[ 3353]: WARNING: vkEnumeratePhysicalDevices(): Initialization of an object could not be completed for implementation-specific reasons. (VK_ERROR_INITIALIZATION_FAILED) (-3)
libEGL warning: failed to get driver name for fd -1

libEGL warning: MESA-LOADER: failed to retrieve device information

libEGL warning: failed to get driver name for fd -1

MESA: error: ZINK: vkEnumeratePhysicalDevices failed (VK_ERROR_INITIALIZATION_FAILED)
MESA: error: ZINK: failed to choose pdev
libEGL warning: egl: failed to create dri2 screen

(gnome-shell:1259): libmutter-WARNING **: 20:08:33.284: Invalid sequence for VSYNC frame info
20:08:40.2554                  Gtk[ 3353]: WARNING: Failed to load icon /usr/share/icons/hicolor/scalable/apps/gparted.svg: Erro ao abrir arquivo /usr/share/icons/hicolor/scalable/apps/gparted.svg: Arquivo ou diretório inexistente
GNOME Shell-Message: 20:08:46.559: Received error from D-Bus search provider org.gnome.Boxes.desktop: Gio.IOErrorEnum: Não foi possível chamar método; o proxy é para um nome conhecido org.gnome.Boxes.SearchProvider sem um dono e o proxy foi construído com o sinalizador G_DBUS_PROXY_FLAGS_DO_NOT_AUTO_START
GNOME Shell-Message: 20:08:46.559: Received error from D-Bus search provider org.gnome.Terminal.desktop: Gio.IOErrorEnum: Não foi possível chamar método; o proxy é para um nome conhecido org.gnome.Terminal sem um dono e o proxy foi construído com o sinalizador G_DBUS_PROXY_FLAGS_DO_NOT_AUTO_START
GNOME Shell-Message: 20:08:46.806: Received error from D-Bus search provider org.gnome.Boxes.desktop: Gio.IOErrorEnum: Não foi possível chamar método; o proxy é para um nome conhecido org.gnome.Boxes.SearchProvider sem um dono e o proxy foi construído com o sinalizador G_DBUS_PROXY_FLAGS_DO_NOT_AUTO_START
GNOME Shell-Message: 20:08:46.806: Received error from D-Bus search provider org.gnome.Terminal.desktop: Gio.IOErrorEnum: Não foi possível chamar método; o proxy é para um nome conhecido org.gnome.Terminal sem um dono e o proxy foi construído com o sinalizador G_DBUS_PROXY_FLAGS_DO_NOT_AUTO_START
GNOME Shell-Message: 20:08:46.827: Received error from D-Bus search provider org.gnome.Notes.desktop: Gio.DBusError: GDBus.Error:org.freedesktop.DBus.Error.NoReply: Message recipient disconnected from message bus without replying
GNOME Shell-Message: 20:08:47.281: Received error from D-Bus search provider org.gnome.Boxes.desktop: Gio.IOErrorEnum: Não foi possível chamar método; o proxy é para um nome conhecido org.gnome.Boxes.SearchProvider sem um dono e o proxy foi construído com o sinalizador G_DBUS_PROXY_FLAGS_DO_NOT_AUTO_START
GNOME Shell-Message: 20:08:47.281: Received error from D-Bus search provider org.gnome.Terminal.desktop: Gio.IOErrorEnum: Não foi possível chamar método; o proxy é para um nome conhecido org.gnome.Terminal sem um dono e o proxy foi construído com o sinalizador G_DBUS_PROXY_FLAGS_DO_NOT_AUTO_START
tput: No value for $TERM and no -T specified
tput: No value for $TERM and no -T specified
tput: No value for $TERM and no -T specified
tput: No value for $TERM and no -T specified
tput: No value for $TERM and no -T specified
tput: No value for $TERM and no -T specified
tput: No value for $TERM and no -T specified
tput: No value for $TERM and no -T specified
tput: No value for $TERM and no -T specified
tput: No value for $TERM and no -T specified
tput: No value for $TERM and no -T specified
tput: No value for $TERM and no -T specified
tput: No value for $TERM and no -T specified
tput: No value for $TERM and no -T specified
tput: No value for $TERM and no -T specified
tput: No value for $TERM and no -T specified
tput: No value for $TERM and no -T specified
tput: No value for $TERM and no -T specified
tput: No value for $TERM and no -T specified
tput: No value for $TERM and no -T specified
tput: No value for $TERM and no -T specified
tput: No value for $TERM and no -T specified
tput: No value for $TERM and no -T specified
tput: No value for $TERM and no -T specified
tput: No value for $TERM and no -T specified
tput: No value for $TERM and no -T specified
tput: No value for $TERM and no -T specified
tput: No value for $TERM and no -T specified
tput: No value for $TERM and no -T specified
tput: No value for $TERM and no -T specified
tput: No value for $TERM and no -T specified
tput: No value for $TERM and no -T specified
tput: No value for $TERM and no -T specified
tput: No value for $TERM and no -T specified
tput: No value for $TERM and no -T specified
tput: No value for $TERM and no -T specified
tput: No value for $TERM and no -T specified
tput: No value for $TERM and no -T specified
tput: No value for $TERM and no -T specified
tput: No value for $TERM and no -T specified
tput: No value for $TERM and no -T specified
tput: No value for $TERM and no -T specified
tput: No value for $TERM and no -T specified
tput: No value for $TERM and no -T specified
tput: No value for $TERM and no -T specified
tput: No value for $TERM and no -T specified
tput: No value for $TERM and no -T specified
tput: No value for $TERM and no -T specified
tput: No value for $TERM and no -T specified
tput: No value for $TERM and no -T specified
tput: No value for $TERM and no -T specified
tput: No value for $TERM and no -T specified
tput: No value for $TERM and no -T specified
tput: No value for $TERM and no -T specified
tput: No value for $TERM and no -T specified
tput: No value for $TERM and no -T specified
tput: No value for $TERM and no -T specified
tput: No value for $TERM and no -T specified
20:10:02.2414                  Gdk[ 4461]: WARNING: Vulkan: Loader Message: setup_loader_term_phys_devs:  Failed to detect any valid GPUs in the current config
20:10:02.2414                  Gdk[ 4461]: WARNING: vkEnumeratePhysicalDevices(): Initialization of an object could not be completed for implementation-specific reasons. (VK_ERROR_INITIALIZATION_FAILED) (-3)
libEGL warning: failed to get driver name for fd -1

libEGL warning: MESA-LOADER: failed to retrieve device information

libEGL warning: failed to get driver name for fd -1

MESA: error: ZINK: vkEnumeratePhysicalDevices failed (VK_ERROR_INITIALIZATION_FAILED)
MESA: error: ZINK: failed to choose pdev
libEGL warning: egl: failed to create dri2 screen
20:10:02.5831                  Gtk[ 4461]: WARNING: Failed to load icon /usr/share/icons/hicolor/scalable/apps/gparted.svg: Erro ao abrir arquivo /usr/share/icons/hicolor/scalable/apps/gparted.svg: Arquivo ou diretório inexistente
GNOME Shell-Message: 20:10:08.728: Received error from D-Bus search provider org.gnome.Boxes.desktop: Gio.IOErrorEnum: Não foi possível chamar método; o proxy é para um nome conhecido org.gnome.Boxes.SearchProvider sem um dono e o proxy foi construído com o sinalizador G_DBUS_PROXY_FLAGS_DO_NOT_AUTO_START
GNOME Shell-Message: 20:10:08.728: Received error from D-Bus search provider org.gnome.Terminal.desktop: Gio.IOErrorEnum: Não foi possível chamar método; o proxy é para um nome conhecido org.gnome.Terminal sem um dono e o proxy foi construído com o sinalizador G_DBUS_PROXY_FLAGS_DO_NOT_AUTO_START
GNOME Shell-Message: 20:10:08.822: Received error from D-Bus search provider org.gnome.Gnote.desktop: Gio.DBusError: GDBus.Error:org.freedesktop.DBus.Error.UnknownMethod: O objeto não existe no caminho “/org/gnome/Gnote/SearchProvider”
GNOME Shell-Message: 20:10:09.904: Received error from D-Bus search provider org.gnome.Boxes.desktop: Gio.IOErrorEnum: Não foi possível chamar método; o proxy é para um nome conhecido org.gnome.Boxes.SearchProvider sem um dono e o proxy foi construído com o sinalizador G_DBUS_PROXY_FLAGS_DO_NOT_AUTO_START
GNOME Shell-Message: 20:10:09.905: Received error from D-Bus search provider org.gnome.Terminal.desktop: Gio.IOErrorEnum: Não foi possível chamar método; o proxy é para um nome conhecido org.gnome.Terminal sem um dono e o proxy foi construído com o sinalizador G_DBUS_PROXY_FLAGS_DO_NOT_AUTO_START
GNOME Shell-Message: 20:10:10.153: Received error from D-Bus search provider org.gnome.Boxes.desktop: Gio.IOErrorEnum: Não foi possível chamar método; o proxy é para um nome conhecido org.gnome.Boxes.SearchProvider sem um dono e o proxy foi construído com o sinalizador G_DBUS_PROXY_FLAGS_DO_NOT_AUTO_START
GNOME Shell-Message: 20:10:10.153: Received error from D-Bus search provider org.gnome.Terminal.desktop: Gio.IOErrorEnum: Não foi possível chamar método; o proxy é para um nome conhecido org.gnome.Terminal sem um dono e o proxy foi construído com o sinalizador G_DBUS_PROXY_FLAGS_DO_NOT_AUTO_START
GNOME Shell-Message: 20:10:10.201: Received error from D-Bus search provider org.gnome.Notes.desktop: Gio.DBusError: GDBus.Error:org.freedesktop.DBus.Error.NoReply: Message recipient disconnected from message bus without replying
GNOME Shell-Message: 20:10:10.394: Received error from D-Bus search provider org.gnome.Boxes.desktop: Gio.IOErrorEnum: Não foi possível chamar método; o proxy é para um nome conhecido org.gnome.Boxes.SearchProvider sem um dono e o proxy foi construído com o sinalizador G_DBUS_PROXY_FLAGS_DO_NOT_AUTO_START
GNOME Shell-Message: 20:10:10.394: Received error from D-Bus search provider org.gnome.Terminal.desktop: Gio.IOErrorEnum: Não foi possível chamar método; o proxy é para um nome conhecido org.gnome.Terminal sem um dono e o proxy foi construído com o sinalizador G_DBUS_PROXY_FLAGS_DO_NOT_AUTO_START

(extension-manager:5068): Gdk-WARNING **: 20:10:18.469: Vulkan: Loader Message: setup_loader_term_phys_devs:  Failed to detect any valid GPUs in the current config

(extension-manager:5068): Gdk-WARNING **: 20:10:18.470: vkEnumeratePhysicalDevices(): Initialization of an object could not be completed for implementation-specific reasons. (VK_ERROR_INITIALIZATION_FAILED) (-3)
libEGL warning: failed to get driver name for fd -1

libEGL warning: MESA-LOADER: failed to retrieve device information

libEGL warning: failed to get driver name for fd -1

MESA: error: ZINK: vkEnumeratePhysicalDevices failed (VK_ERROR_INITIALIZATION_FAILED)
MESA: error: ZINK: failed to choose pdev
libEGL warning: egl: failed to create dri2 screen
tput: No value for $TERM and no -T specified
tput: No value for $TERM and no -T specified
tput: No value for $TERM and no -T specified
tput: No value for $TERM and no -T specified
tput: No value for $TERM and no -T specified
tput: No value for $TERM and no -T specified
tput: No value for $TERM and no -T specified
tput: No value for $TERM and no -T specified
tput: No value for $TERM and no -T specified
tput: No value for $TERM and no -T specified
tput: No value for $TERM and no -T specified
tput: No value for $TERM and no -T specified
tput: No value for $TERM and no -T specified
tput: No value for $TERM and no -T specified
tput: No value for $TERM and no -T specified
tput: No value for $TERM and no -T specified
tput: No value for $TERM and no -T specified
tput: No value for $TERM and no -T specified
tput: No value for $TERM and no -T specified
tput: No value for $TERM and no -T specified
tput: No value for $TERM and no -T specified
tput: No value for $TERM and no -T specified
tput: No value for $TERM and no -T specified
tput: No value for $TERM and no -T specified
tput: No value for $TERM and no -T specified
tput: No value for $TERM and no -T specified
tput: No value for $TERM and no -T specified
tput: No value for $TERM and no -T specified
tput: No value for $TERM and no -T specified

(gnome-shell:1259): GNOME Shell-CRITICAL **: 20:11:17.611: Exception in callback for signal: extension-state-changed: TypeError: can't access private field or method: object is not the right class

Stack trace:
  setup@file:///home/vcatafesta/.local/share/gnome-shell/extensions/extension-list@tu.berry/extension.js:51:9
  DatumItemBase@file:///home/vcatafesta/.local/share/gnome-shell/extensions/extension-list@tu.berry/menu.js:233:24
  ExtensionItem@file:///home/vcatafesta/.local/share/gnome-shell/extensions/extension-list@tu.berry/extension.js:34:9
  #buildWidgets/this.$src<.tray<.ext<@file:///home/vcatafesta/.local/share/gnome-shell/extensions/extension-list@tu.berry/extension.js:125:48
  upsert@file:///home/vcatafesta/.local/share/gnome-shell/extensions/extension-list@tu.berry/extension.js:110:36
  #onStateChange@file:///home/vcatafesta/.local/share/gnome-shell/extensions/extension-list@tu.berry/extension.js:175:23
  #buildWidgets/<@file:///home/vcatafesta/.local/share/gnome-shell/extensions/extension-list@tu.berry/extension.js:135:105
  _callHandlers@resource:///org/gnome/gjs/modules/core/_signals.js:130:42
  _emit@resource:///org/gnome/gjs/modules/core/_signals.js:119:10
  loadExtension@resource:///org/gnome/shell/ui/extensionSystem.js:443:14
  _onInstallButtonPressed@resource:///org/gnome/shell/ui/extensionDownloader.js:324:35
  async*addButton/<@resource:///org/gnome/shell/ui/dialog.js:136:41
  @resource:///org/gnome/shell/ui/init.js:21:20
  

(gnome-shell:1259): GNOME Shell-CRITICAL **: 20:11:17.616: Exception in callback for signal: extension-state-changed: TypeError: can't access private field or method: object is not the right class

Stack trace:
  setup@file:///home/vcatafesta/.local/share/gnome-shell/extensions/extension-list@tu.berry/extension.js:51:9
  DatumItemBase@file:///home/vcatafesta/.local/share/gnome-shell/extensions/extension-list@tu.berry/menu.js:233:24
  ExtensionItem@file:///home/vcatafesta/.local/share/gnome-shell/extensions/extension-list@tu.berry/extension.js:34:9
  #buildWidgets/this.$src<.tray<.ext<@file:///home/vcatafesta/.local/share/gnome-shell/extensions/extension-list@tu.berry/extension.js:125:48
  upsert@file:///home/vcatafesta/.local/share/gnome-shell/extensions/extension-list@tu.berry/extension.js:110:36
  #onStateChange@file:///home/vcatafesta/.local/share/gnome-shell/extensions/extension-list@tu.berry/extension.js:175:23
  #buildWidgets/<@file:///home/vcatafesta/.local/share/gnome-shell/extensions/extension-list@tu.berry/extension.js:135:105
  _callHandlers@resource:///org/gnome/gjs/modules/core/_signals.js:130:42
  _emit@resource:///org/gnome/gjs/modules/core/_signals.js:119:10
  _onEnabledExtensionsChanged@resource:///org/gnome/shell/ui/extensionSystem.js:571:22
  _loadExtensions/<@resource:///org/gnome/shell/ui/extensionSystem.js:690:18
  createCheckedMethod/<@resource:///org/gnome/gjs/modules/core/overrides/Gio.js:776:46
  enableExtension@resource:///org/gnome/shell/ui/extensionSystem.js:289:29
  _onInstallButtonPressed@resource:///org/gnome/shell/ui/extensionDownloader.js:325:40
  async*addButton/<@resource:///org/gnome/shell/ui/dialog.js:136:41
  @resource:///org/gnome/shell/ui/init.js:21:20
  

(gnome-shell:1259): GNOME Shell-CRITICAL **: 20:11:17.655: Exception in callback for signal: extension-state-changed: TypeError: can't access private field or method: object is not the right class

Stack trace:
  setup@file:///home/vcatafesta/.local/share/gnome-shell/extensions/extension-list@tu.berry/extension.js:51:9
  DatumItemBase@file:///home/vcatafesta/.local/share/gnome-shell/extensions/extension-list@tu.berry/menu.js:233:24
  ExtensionItem@file:///home/vcatafesta/.local/share/gnome-shell/extensions/extension-list@tu.berry/extension.js:34:9
  #buildWidgets/this.$src<.tray<.ext<@file:///home/vcatafesta/.local/share/gnome-shell/extensions/extension-list@tu.berry/extension.js:125:48
  upsert@file:///home/vcatafesta/.local/share/gnome-shell/extensions/extension-list@tu.berry/extension.js:110:36
  #onStateChange@file:///home/vcatafesta/.local/share/gnome-shell/extensions/extension-list@tu.berry/extension.js:175:23
  #buildWidgets/<@file:///home/vcatafesta/.local/share/gnome-shell/extensions/extension-list@tu.berry/extension.js:135:105
  _callHandlers@resource:///org/gnome/gjs/modules/core/_signals.js:130:42
  _emit@resource:///org/gnome/gjs/modules/core/_signals.js:119:10
  _changeExtensionState@resource:///org/gnome/shell/ui/extensionSystem.js:166:14
  _callExtensionInit@resource:///org/gnome/shell/ui/extensionSystem.js:523:14
  async*_callExtensionEnable@resource:///org/gnome/shell/ui/extensionSystem.js:250:24
  _onEnabledExtensionsChanged@resource:///org/gnome/shell/ui/extensionSystem.js:594:24
  _loadExtensions/<@resource:///org/gnome/shell/ui/extensionSystem.js:690:18
  createCheckedMethod/<@resource:///org/gnome/gjs/modules/core/overrides/Gio.js:776:46
  enableExtension@resource:///org/gnome/shell/ui/extensionSystem.js:289:29
  _onInstallButtonPressed@resource:///org/gnome/shell/ui/extensionDownloader.js:325:40
  async*addButton/<@resource:///org/gnome/shell/ui/dialog.js:136:41
  @resource:///org/gnome/shell/ui/init.js:21:20
  

(gnome-shell:1259): GNOME Shell-CRITICAL **: 20:11:17.658: Exception in callback for signal: extension-state-changed: TypeError: can't access private field or method: object is not the right class

Stack trace:
  setup@file:///home/vcatafesta/.local/share/gnome-shell/extensions/extension-list@tu.berry/extension.js:51:9
  DatumItemBase@file:///home/vcatafesta/.local/share/gnome-shell/extensions/extension-list@tu.berry/menu.js:233:24
  ExtensionItem@file:///home/vcatafesta/.local/share/gnome-shell/extensions/extension-list@tu.berry/extension.js:34:9
  #buildWidgets/this.$src<.tray<.ext<@file:///home/vcatafesta/.local/share/gnome-shell/extensions/extension-list@tu.berry/extension.js:125:48
  upsert@file:///home/vcatafesta/.local/share/gnome-shell/extensions/extension-list@tu.berry/extension.js:110:36
  #onStateChange@file:///home/vcatafesta/.local/share/gnome-shell/extensions/extension-list@tu.berry/extension.js:175:23
  #buildWidgets/<@file:///home/vcatafesta/.local/share/gnome-shell/extensions/extension-list@tu.berry/extension.js:135:105
  _callHandlers@resource:///org/gnome/gjs/modules/core/_signals.js:130:42
  _emit@resource:///org/gnome/gjs/modules/core/_signals.js:119:10
  _changeExtensionState@resource:///org/gnome/shell/ui/extensionSystem.js:166:14
  _callExtensionEnable@resource:///org/gnome/shell/ui/extensionSystem.js:256:14
  async*_onEnabledExtensionsChanged@resource:///org/gnome/shell/ui/extensionSystem.js:594:24
  _loadExtensions/<@resource:///org/gnome/shell/ui/extensionSystem.js:690:18
  createCheckedMethod/<@resource:///org/gnome/gjs/modules/core/overrides/Gio.js:776:46
  enableExtension@resource:///org/gnome/shell/ui/extensionSystem.js:289:29
  _onInstallButtonPressed@resource:///org/gnome/shell/ui/extensionDownloader.js:325:40
  async*addButton/<@resource:///org/gnome/shell/ui/dialog.js:136:41
  @resource:///org/gnome/shell/ui/init.js:21:20
  

(gnome-shell:1259): GNOME Shell-CRITICAL **: 20:11:17.685: Exception in callback for signal: extension-state-changed: TypeError: can't access private field or method: object is not the right class

Stack trace:
  setup@file:///home/vcatafesta/.local/share/gnome-shell/extensions/extension-list@tu.berry/extension.js:51:9
  DatumItemBase@file:///home/vcatafesta/.local/share/gnome-shell/extensions/extension-list@tu.berry/menu.js:233:24
  ExtensionItem@file:///home/vcatafesta/.local/share/gnome-shell/extensions/extension-list@tu.berry/extension.js:34:9
  #buildWidgets/this.$src<.tray<.ext<@file:///home/vcatafesta/.local/share/gnome-shell/extensions/extension-list@tu.berry/extension.js:125:48
  upsert@file:///home/vcatafesta/.local/share/gnome-shell/extensions/extension-list@tu.berry/extension.js:110:36
  #onStateChange@file:///home/vcatafesta/.local/share/gnome-shell/extensions/extension-list@tu.berry/extension.js:175:23
  #buildWidgets/<@file:///home/vcatafesta/.local/share/gnome-shell/extensions/extension-list@tu.berry/extension.js:135:105
  _callHandlers@resource:///org/gnome/gjs/modules/core/_signals.js:130:42
  _emit@resource:///org/gnome/gjs/modules/core/_signals.js:119:10
  _changeExtensionState@resource:///org/gnome/shell/ui/extensionSystem.js:166:14
  _callExtensionEnable@resource:///org/gnome/shell/ui/extensionSystem.js:267:18
  async*_onEnabledExtensionsChanged@resource:///org/gnome/shell/ui/extensionSystem.js:594:24
  _loadExtensions/<@resource:///org/gnome/shell/ui/extensionSystem.js:690:18
  createCheckedMethod/<@resource:///org/gnome/gjs/modules/core/overrides/Gio.js:776:46
  enableExtension@resource:///org/gnome/shell/ui/extensionSystem.js:289:29
  _onInstallButtonPressed@resource:///org/gnome/shell/ui/extensionDownloader.js:325:40
  async*addButton/<@resource:///org/gnome/shell/ui/dialog.js:136:41
  @resource:///org/gnome/shell/ui/init.js:21:20
  

(gnome-shell:1259): GNOME Shell-CRITICAL **: 20:11:43.852: Exception in callback for signal: extension-state-changed: TypeError: can't access private field or method: object is not the right class

Stack trace:
  setup@file:///home/vcatafesta/.local/share/gnome-shell/extensions/extension-list@tu.berry/extension.js:51:9
  DatumItemBase@file:///home/vcatafesta/.local/share/gnome-shell/extensions/extension-list@tu.berry/menu.js:233:24
  ExtensionItem@file:///home/vcatafesta/.local/share/gnome-shell/extensions/extension-list@tu.berry/extension.js:34:9
  #buildWidgets/this.$src<.tray<.ext<@file:///home/vcatafesta/.local/share/gnome-shell/extensions/extension-list@tu.berry/extension.js:125:48
  upsert@file:///home/vcatafesta/.local/share/gnome-shell/extensions/extension-list@tu.berry/extension.js:110:36
  #onStateChange@file:///home/vcatafesta/.local/share/gnome-shell/extensions/extension-list@tu.berry/extension.js:175:23
  #buildWidgets/<@file:///home/vcatafesta/.local/share/gnome-shell/extensions/extension-list@tu.berry/extension.js:135:105
  _callHandlers@resource:///org/gnome/gjs/modules/core/_signals.js:130:42
  _emit@resource:///org/gnome/gjs/modules/core/_signals.js:119:10
  loadExtension@resource:///org/gnome/shell/ui/extensionSystem.js:443:14
  _onInstallButtonPressed@resource:///org/gnome/shell/ui/extensionDownloader.js:324:35
  async*addButton/<@resource:///org/gnome/shell/ui/dialog.js:136:41
  @resource:///org/gnome/shell/ui/init.js:21:20
  

(gnome-shell:1259): GNOME Shell-CRITICAL **: 20:11:43.856: Exception in callback for signal: extension-state-changed: TypeError: can't access private field or method: object is not the right class

Stack trace:
  setup@file:///home/vcatafesta/.local/share/gnome-shell/extensions/extension-list@tu.berry/extension.js:51:9
  DatumItemBase@file:///home/vcatafesta/.local/share/gnome-shell/extensions/extension-list@tu.berry/menu.js:233:24
  ExtensionItem@file:///home/vcatafesta/.local/share/gnome-shell/extensions/extension-list@tu.berry/extension.js:34:9
  #buildWidgets/this.$src<.tray<.ext<@file:///home/vcatafesta/.local/share/gnome-shell/extensions/extension-list@tu.berry/extension.js:125:48
  upsert@file:///home/vcatafesta/.local/share/gnome-shell/extensions/extension-list@tu.berry/extension.js:110:36
  #onStateChange@file:///home/vcatafesta/.local/share/gnome-shell/extensions/extension-list@tu.berry/extension.js:175:23
  #buildWidgets/<@file:///home/vcatafesta/.local/share/gnome-shell/extensions/extension-list@tu.berry/extension.js:135:105
  _callHandlers@resource:///org/gnome/gjs/modules/core/_signals.js:130:42
  _emit@resource:///org/gnome/gjs/modules/core/_signals.js:119:10
  _onEnabledExtensionsChanged@resource:///org/gnome/shell/ui/extensionSystem.js:571:22
  _loadExtensions/<@resource:///org/gnome/shell/ui/extensionSystem.js:690:18
  createCheckedMethod/<@resource:///org/gnome/gjs/modules/core/overrides/Gio.js:776:46
  enableExtension@resource:///org/gnome/shell/ui/extensionSystem.js:289:29
  _onInstallButtonPressed@resource:///org/gnome/shell/ui/extensionDownloader.js:325:40
  async*addButton/<@resource:///org/gnome/shell/ui/dialog.js:136:41
  @resource:///org/gnome/shell/ui/init.js:21:20
  

(gnome-shell:1259): GNOME Shell-CRITICAL **: 20:11:43.910: Exception in callback for signal: extension-state-changed: TypeError: can't access private field or method: object is not the right class

Stack trace:
  setup@file:///home/vcatafesta/.local/share/gnome-shell/extensions/extension-list@tu.berry/extension.js:51:9
  DatumItemBase@file:///home/vcatafesta/.local/share/gnome-shell/extensions/extension-list@tu.berry/menu.js:233:24
  ExtensionItem@file:///home/vcatafesta/.local/share/gnome-shell/extensions/extension-list@tu.berry/extension.js:34:9
  #buildWidgets/this.$src<.tray<.ext<@file:///home/vcatafesta/.local/share/gnome-shell/extensions/extension-list@tu.berry/extension.js:125:48
  upsert@file:///home/vcatafesta/.local/share/gnome-shell/extensions/extension-list@tu.berry/extension.js:110:36
  #onStateChange@file:///home/vcatafesta/.local/share/gnome-shell/extensions/extension-list@tu.berry/extension.js:175:23
  #buildWidgets/<@file:///home/vcatafesta/.local/share/gnome-shell/extensions/extension-list@tu.berry/extension.js:135:105
  _callHandlers@resource:///org/gnome/gjs/modules/core/_signals.js:130:42
  _emit@resource:///org/gnome/gjs/modules/core/_signals.js:119:10
  _changeExtensionState@resource:///org/gnome/shell/ui/extensionSystem.js:166:14
  _callExtensionInit@resource:///org/gnome/shell/ui/extensionSystem.js:523:14
  async*_callExtensionEnable@resource:///org/gnome/shell/ui/extensionSystem.js:250:24
  _onEnabledExtensionsChanged@resource:///org/gnome/shell/ui/extensionSystem.js:594:24
  _loadExtensions/<@resource:///org/gnome/shell/ui/extensionSystem.js:690:18
  createCheckedMethod/<@resource:///org/gnome/gjs/modules/core/overrides/Gio.js:776:46
  enableExtension@resource:///org/gnome/shell/ui/extensionSystem.js:289:29
  _onInstallButtonPressed@resource:///org/gnome/shell/ui/extensionDownloader.js:325:40
  async*addButton/<@resource:///org/gnome/shell/ui/dialog.js:136:41
  @resource:///org/gnome/shell/ui/init.js:21:20
  

(gnome-shell:1259): GNOME Shell-CRITICAL **: 20:11:43.915: Exception in callback for signal: extension-state-changed: TypeError: can't access private field or method: object is not the right class

Stack trace:
  setup@file:///home/vcatafesta/.local/share/gnome-shell/extensions/extension-list@tu.berry/extension.js:51:9
  DatumItemBase@file:///home/vcatafesta/.local/share/gnome-shell/extensions/extension-list@tu.berry/menu.js:233:24
  ExtensionItem@file:///home/vcatafesta/.local/share/gnome-shell/extensions/extension-list@tu.berry/extension.js:34:9
  #buildWidgets/this.$src<.tray<.ext<@file:///home/vcatafesta/.local/share/gnome-shell/extensions/extension-list@tu.berry/extension.js:125:48
  upsert@file:///home/vcatafesta/.local/share/gnome-shell/extensions/extension-list@tu.berry/extension.js:110:36
  #onStateChange@file:///home/vcatafesta/.local/share/gnome-shell/extensions/extension-list@tu.berry/extension.js:175:23
  #buildWidgets/<@file:///home/vcatafesta/.local/share/gnome-shell/extensions/extension-list@tu.berry/extension.js:135:105
  _callHandlers@resource:///org/gnome/gjs/modules/core/_signals.js:130:42
  _emit@resource:///org/gnome/gjs/modules/core/_signals.js:119:10
  _changeExtensionState@resource:///org/gnome/shell/ui/extensionSystem.js:166:14
  _callExtensionEnable@resource:///org/gnome/shell/ui/extensionSystem.js:256:14
  async*_onEnabledExtensionsChanged@resource:///org/gnome/shell/ui/extensionSystem.js:594:24
  _loadExtensions/<@resource:///org/gnome/shell/ui/extensionSystem.js:690:18
  createCheckedMethod/<@resource:///org/gnome/gjs/modules/core/overrides/Gio.js:776:46
  enableExtension@resource:///org/gnome/shell/ui/extensionSystem.js:289:29
  _onInstallButtonPressed@resource:///org/gnome/shell/ui/extensionDownloader.js:325:40
  async*addButton/<@resource:///org/gnome/shell/ui/dialog.js:136:41
  @resource:///org/gnome/shell/ui/init.js:21:20
  

** (zeitgeist-datahub:1902): WARNING **: 20:11:43.968: zeitgeist-datahub.vala:207: Error during inserting events: GDBus.Error:org.gnome.zeitgeist.EngineError.InvalidArgument: Incomplete event: interpretation, manifestation and actor are required

(gnome-shell:1259): GNOME Shell-CRITICAL **: 20:11:44.007: Exception in callback for signal: extension-state-changed: TypeError: can't access private field or method: object is not the right class

Stack trace:
  setup@file:///home/vcatafesta/.local/share/gnome-shell/extensions/extension-list@tu.berry/extension.js:51:9
  DatumItemBase@file:///home/vcatafesta/.local/share/gnome-shell/extensions/extension-list@tu.berry/menu.js:233:24
  ExtensionItem@file:///home/vcatafesta/.local/share/gnome-shell/extensions/extension-list@tu.berry/extension.js:34:9
  #buildWidgets/this.$src<.tray<.ext<@file:///home/vcatafesta/.local/share/gnome-shell/extensions/extension-list@tu.berry/extension.js:125:48
  upsert@file:///home/vcatafesta/.local/share/gnome-shell/extensions/extension-list@tu.berry/extension.js:110:36
  #onStateChange@file:///home/vcatafesta/.local/share/gnome-shell/extensions/extension-list@tu.berry/extension.js:175:23
  #buildWidgets/<@file:///home/vcatafesta/.local/share/gnome-shell/extensions/extension-list@tu.berry/extension.js:135:105
  _callHandlers@resource:///org/gnome/gjs/modules/core/_signals.js:130:42
  _emit@resource:///org/gnome/gjs/modules/core/_signals.js:119:10
  _changeExtensionState@resource:///org/gnome/shell/ui/extensionSystem.js:166:14
  _callExtensionEnable@resource:///org/gnome/shell/ui/extensionSystem.js:267:18
  async*_onEnabledExtensionsChanged@resource:///org/gnome/shell/ui/extensionSystem.js:594:24
  _loadExtensions/<@resource:///org/gnome/shell/ui/extensionSystem.js:690:18
  createCheckedMethod/<@resource:///org/gnome/gjs/modules/core/overrides/Gio.js:776:46
  enableExtension@resource:///org/gnome/shell/ui/extensionSystem.js:289:29
  _onInstallButtonPressed@resource:///org/gnome/shell/ui/extensionDownloader.js:325:40
  async*addButton/<@resource:///org/gnome/shell/ui/dialog.js:136:41
  @resource:///org/gnome/shell/ui/init.js:21:20
  

(gnome-shell:1259): libmutter-WARNING **: 20:11:44.033: Overwriting existing binding of keysym 76 with keysym 76 (keycode 37).

(gnome-shell:1259): libmutter-WARNING **: 20:11:44.033: Overwriting existing binding of keysym 6c with keysym 6c (keycode 2e).

(gnome-shell:1259): libmutter-WARNING **: 20:11:44.034: Overwriting existing binding of keysym 68 with keysym 68 (keycode 2b).
tput: No value for $TERM and no -T specified
tput: No value for $TERM and no -T specified
tput: No value for $TERM and no -T specified
tput: No value for $TERM and no -T specified
tput: No value for $TERM and no -T specified
tput: No value for $TERM and no -T specified
tput: No value for $TERM and no -T specified
tput: No value for $TERM and no -T specified
tput: No value for $TERM and no -T specified
tput: No value for $TERM and no -T specified
tput: No value for $TERM and no -T specified
tput: No value for $TERM and no -T specified
tput: No value for $TERM and no -T specified
tput: No value for $TERM and no -T specified
tput: No value for $TERM and no -T specified
tput: No value for $TERM and no -T specified
tput: No value for $TERM and no -T specified
tput: No value for $TERM and no -T specified
tput: No value for $TERM and no -T specified
tput: No value for $TERM and no -T specified
tput: No value for $TERM and no -T specified
tput: No value for $TERM and no -T specified
tput: No value for $TERM and no -T specified
tput: No value for $TERM and no -T specified
tput: No value for $TERM and no -T specified
tput: No value for $TERM and no -T specified
tput: No value for $TERM and no -T specified
tput: No value for $TERM and no -T specified
tput: No value for $TERM and no -T specified
20:12:59.2545                  Gdk[ 6494]: WARNING: Vulkan: Loader Message: setup_loader_term_phys_devs:  Failed to detect any valid GPUs in the current config
20:12:59.2546                  Gdk[ 6494]: WARNING: vkEnumeratePhysicalDevices(): Initialization of an object could not be completed for implementation-specific reasons. (VK_ERROR_INITIALIZATION_FAILED) (-3)
libEGL warning: failed to get driver name for fd -1

libEGL warning: MESA-LOADER: failed to retrieve device information

libEGL warning: failed to get driver name for fd -1

MESA: error: ZINK: vkEnumeratePhysicalDevices failed (VK_ERROR_INITIALIZATION_FAILED)
MESA: error: ZINK: failed to choose pdev
libEGL warning: egl: failed to create dri2 screen
20:12:59.6038                  Gtk[ 6494]: WARNING: Failed to load icon /usr/share/icons/hicolor/scalable/apps/gparted.svg: Erro ao abrir arquivo /usr/share/icons/hicolor/scalable/apps/gparted.svg: Arquivo ou diretório inexistente
tput: No value for $TERM and no -T specified
tput: No value for $TERM and no -T specified
tput: No value for $TERM and no -T specified
tput: No value for $TERM and no -T specified
tput: No value for $TERM and no -T specified
tput: No value for $TERM and no -T specified
tput: No value for $TERM and no -T specified
tput: No value for $TERM and no -T specified
tput: No value for $TERM and no -T specified
tput: No value for $TERM and no -T specified
tput: No value for $TERM and no -T specified
tput: No value for $TERM and no -T specified
tput: No value for $TERM and no -T specified
tput: No value for $TERM and no -T specified
tput: No value for $TERM and no -T specified
tput: No value for $TERM and no -T specified
tput: No value for $TERM and no -T specified
tput: No value for $TERM and no -T specified
tput: No value for $TERM and no -T specified
tput: No value for $TERM and no -T specified
tput: No value for $TERM and no -T specified
tput: No value for $TERM and no -T specified
tput: No value for $TERM and no -T specified
tput: No value for $TERM and no -T specified
tput: No value for $TERM and no -T specified
tput: No value for $TERM and no -T specified
tput: No value for $TERM and no -T specified
tput: No value for $TERM and no -T specified
tput: No value for $TERM and no -T specified
20:13:10.2725          cc-hostname[ 6494]: WARNING: Failed to get property 'Chassis': GDBus.Error:org.freedesktop.DBus.Error.ServiceUnknown: The name org.freedesktop.hostname1 was not provided by any .service files
20:13:10.2737          cc-hostname[ 6494]: WARNING: Failed to get property 'Chassis': GDBus.Error:org.freedesktop.DBus.Error.ServiceUnknown: The name org.freedesktop.hostname1 was not provided by any .service files
20:13:16.1121          cc-hostname[ 6494]: WARNING: Failed to get property 'Chassis': GDBus.Error:org.freedesktop.DBus.Error.ServiceUnknown: The name org.freedesktop.hostname1 was not provided by any .service files
20:13:23.4245          cc-hostname[ 6494]: WARNING: Failed to get property 'Chassis': GDBus.Error:org.freedesktop.DBus.Error.ServiceUnknown: The name org.freedesktop.hostname1 was not provided by any .service files
20:13:53.9687                  Gtk[ 6494]: WARNING: Failed to load icon /usr/share/icons/hicolor/scalable/apps/gparted.svg: Erro ao abrir arquivo /usr/share/icons/hicolor/scalable/apps/gparted.svg: Arquivo ou diretório inexistente
tput: No value for $TERM and no -T specified
tput: No value for $TERM and no -T specified
tput: No value for $TERM and no -T specified
tput: No value for $TERM and no -T specified
tput: No value for $TERM and no -T specified
tput: No value for $TERM and no -T specified
tput: No value for $TERM and no -T specified
tput: No value for $TERM and no -T specified
tput: No value for $TERM and no -T specified
tput: No value for $TERM and no -T specified
tput: No value for $TERM and no -T specified
tput: No value for $TERM and no -T specified
tput: No value for $TERM and no -T specified
tput: No value for $TERM and no -T specified
tput: No value for $TERM and no -T specified
tput: No value for $TERM and no -T specified
tput: No value for $TERM and no -T specified
tput: No value for $TERM and no -T specified
tput: No value for $TERM and no -T specified
tput: No value for $TERM and no -T specified
tput: No value for $TERM and no -T specified
tput: No value for $TERM and no -T specified
tput: No value for $TERM and no -T specified
tput: No value for $TERM and no -T specified
tput: No value for $TERM and no -T specified
tput: No value for $TERM and no -T specified
tput: No value for $TERM and no -T specified
tput: No value for $TERM and no -T specified
tput: No value for $TERM and no -T specified
20:14:03.2105          cc-hostname[ 6494]: WARNING: Failed to get property 'StaticHostname': GDBus.Error:org.freedesktop.DBus.Error.ServiceUnknown: The name org.freedesktop.hostname1 was not provided by any .service files
The XKEYBOARD keymap compiler (xkbcomp) reports:
> Warning:          Could not resolve keysym XF86RefreshRateToggle
> Warning:          Could not resolve keysym XF86Accessibility
> Warning:          Could not resolve keysym XF86DoNotDisturb
Errors from xkbcomp are not fatal to the X server
The XKEYBOARD keymap compiler (xkbcomp) reports:
> Warning:          Could not resolve keysym XF86RefreshRateToggle
> Warning:          Could not resolve keysym XF86Accessibility
> Warning:          Could not resolve keysym XF86DoNotDisturb
Errors from xkbcomp are not fatal to the X server
tput: No value for $TERM and no -T specified
tput: No value for $TERM and no -T specified
tput: No value for $TERM and no -T specified
tput: No value for $TERM and no -T specified
tput: No value for $TERM and no -T specified
tput: No value for $TERM and no -T specified
tput: No value for $TERM and no -T specified
tput: No value for $TERM and no -T specified
tput: No value for $TERM and no -T specified
tput: No value for $TERM and no -T specified
tput: No value for $TERM and no -T specified
tput: No value for $TERM and no -T specified
tput: No value for $TERM and no -T specified
tput: No value for $TERM and no -T specified
tput: No value for $TERM and no -T specified
tput: No value for $TERM and no -T specified
tput: No value for $TERM and no -T specified
tput: No value for $TERM and no -T specified
tput: No value for $TERM and no -T specified
tput: No value for $TERM and no -T specified
tput: No value for $TERM and no -T specified
tput: No value for $TERM and no -T specified
tput: No value for $TERM and no -T specified
tput: No value for $TERM and no -T specified
tput: No value for $TERM and no -T specified
tput: No value for $TERM and no -T specified
tput: No value for $TERM and no -T specified
tput: No value for $TERM and no -T specified
tput: No value for $TERM and no -T specified
